Determining if the pthread_create exist failed with the following output:
Change Dir: /home/lisa/Documents/6.837/6837FinalProject/build/CMakeFiles/CMakeTmp

Run Build Command:"/usr/bin/make" "cmTC_14501/fast"
/usr/bin/make -f CMakeFiles/cmTC_14501.dir/build.make CMakeFiles/cmTC_14501.dir/build
make[1]: Entering directory '/home/lisa/Documents/6.837/6837FinalProject/build/CMakeFiles/CMakeTmp'
Building C object CMakeFiles/cmTC_14501.dir/CheckSymbolExists.c.o
/usr/bin/cc    -o CMakeFiles/cmTC_14501.dir/CheckSymbolExists.c.o   -c /home/lisa/Documents/6.837/6837FinalProject/build/CMakeFiles/CMakeTmp/CheckSymbolExists.c
Linking C executable cmTC_14501
/home/lisa/cmake-install/bin/cmake -E cmake_link_script CMakeFiles/cmTC_14501.dir/link.txt --verbose=1
/usr/bin/cc      -rdynamic CMakeFiles/cmTC_14501.dir/CheckSymbolExists.c.o  -o cmTC_14501 
CMakeFiles/cmTC_14501.dir/CheckSymbolExists.c.o: In function `main':
CheckSymbolExists.c:(.text+0x1b): undefined reference to `pthread_create'
collect2: error: ld returned 1 exit status
CMakeFiles/cmTC_14501.dir/build.make:86: recipe for target 'cmTC_14501' failed
make[1]: *** [cmTC_14501] Error 1
make[1]: Leaving directory '/home/lisa/Documents/6.837/6837FinalProject/build/CMakeFiles/CMakeTmp'
Makefile:126: recipe for target 'cmTC_14501/fast' failed
make: *** [cmTC_14501/fast] Error 2

File /home/lisa/Documents/6.837/6837FinalProject/build/CMakeFiles/CMakeTmp/CheckSymbolExists.c:
/* */
#include <pthread.h>

int main(int argc, char** argv)
{
  (void)argv;
#ifndef pthread_create
  return ((int*)(&pthread_create))[argc];
#else
  (void)argc;
  return 0;
#endif
}

Determining if the function pthread_create exists in the pthreads failed with the following output:
Change Dir: /home/lisa/Documents/6.837/6837FinalProject/build/CMakeFiles/CMakeTmp

Run Build Command:"/usr/bin/make" "cmTC_e14bd/fast"
/usr/bin/make -f CMakeFiles/cmTC_e14bd.dir/build.make CMakeFiles/cmTC_e14bd.dir/build
make[1]: Entering directory '/home/lisa/Documents/6.837/6837FinalProject/build/CMakeFiles/CMakeTmp'
Building C object CMakeFiles/cmTC_e14bd.dir/CheckFunctionExists.c.o
/usr/bin/cc   -DCHECK_FUNCTION_EXISTS=pthread_create   -o CMakeFiles/cmTC_e14bd.dir/CheckFunctionExists.c.o   -c /home/lisa/cmake-install/share/cmake-3.11/Modules/CheckFunctionExists.c
Linking C executable cmTC_e14bd
/home/lisa/cmake-install/bin/cmake -E cmake_link_script CMakeFiles/cmTC_e14bd.dir/link.txt --verbose=1
/usr/bin/cc  -DCHECK_FUNCTION_EXISTS=pthread_create    -rdynamic CMakeFiles/cmTC_e14bd.dir/CheckFunctionExists.c.o  -o cmTC_e14bd -lpthreads 
/usr/bin/ld: cannot find -lpthreads
collect2: error: ld returned 1 exit status
CMakeFiles/cmTC_e14bd.dir/build.make:86: recipe for target 'cmTC_e14bd' failed
make[1]: *** [cmTC_e14bd] Error 1
make[1]: Leaving directory '/home/lisa/Documents/6.837/6837FinalProject/build/CMakeFiles/CMakeTmp'
Makefile:126: recipe for target 'cmTC_e14bd/fast' failed
make: *** [cmTC_e14bd/fast] Error 2


